<?xml version="1.0" encoding="UTF-8"?>
<!-- Generated by org.testng.reporters.JUnitXMLReporter -->
<testsuite hostname="DESKTOP-94TA79J" ignored="0" name="Test" tests="4" failures="0" timestamp="03 Oct 2018 08:19:00 GMT" time="182.149" errors="0">
  <testcase name="cases" time="17.188" classname="scripts1.Login"/>
  <testcase name="cases" time="44.133" classname="scripts1.AddAddress"/>
  <testcase name="cases" time="64.525" classname="scripts1.Homepage1"/>
  <testcase name="cases" time="36.388" classname="scripts1.SearchItem"/>
</testsuite> <!-- Test -->
